root - INFO - 201912160000
root - INFO - feel alone depressed: 100 tweets gathered
root - INFO - 201912160000
root - INFO - i feel helpless: 100 tweets gathered
root - INFO - 201912160000
root - INFO - i feel sad: 100 tweets gathered
root - INFO - 201912160000
root - INFO - i feel empty: 100 tweets gathered
root - INFO - 201912160000
root - INFO - sleeping a lot lately: 100 tweets gathered
root - INFO - 201912160000
root - INFO - i feel irritable: 100 tweets gathered
root - INFO - 201912160000
root - INFO - depressed alcohol: 100 tweets gathered
root - INFO - 201912160000
root - INFO - sertraline: 100 tweets gathered
root - INFO - 201912160000
root - INFO - Zoloft: 100 tweets gathered
root - INFO - 201912160000
tweepy.binder - WARNING - Rate limit reached. Sleeping for: 596
root - INFO - Prozac: 100 tweets gathered
root - INFO - 201912160000
root - INFO - pills depressed: 100 tweets gathered
root - INFO - 201912160000
root - INFO - suicide once more: 100 tweets gathered
root - INFO - 201912160000
root - INFO - pain suicide: 100 tweets gathered
root - INFO - 201912160000
root - INFO - mom suicide tried: 37 tweets gathered
root - INFO - 201912160000
root - INFO - friend suicide: 100 tweets gathered
root - INFO - 201912160000
root - INFO - sister suicide tried: 26 tweets gathered
root - INFO - 201912160000
root - INFO - Brother suicide tried: 49 tweets gathered
root - INFO - 201912160000
root - INFO - suicide attempted sister: 34 tweets gathered
root - INFO - 201912160000
root - INFO - thought suicide before: 100 tweets gathered
root - INFO - 201912160000
root - INFO - had thoughts suicide: 100 tweets gathered
root - INFO - 201912160000
root - INFO - had thoughts killing myself: 9 tweets gathered
root - INFO - 201912160000
root - INFO - i want to commit suicide: 100 tweets gathered
root - INFO - 201912160000
root - INFO - stop cutting myself: 64 tweets gathered
root - INFO - 201912160000
root - INFO - i'm being bullied: 100 tweets gathered
root - INFO - 201912160000
tweepy.binder - WARNING - Rate limit reached. Sleeping for: 724
root - INFO - feel bullied i'm: 100 tweets gathered
root - INFO - 201912160000
